开机时间:2014-09-25 星期四 17:27:34.82
关机时间:2014-09-25 星期四 17:28:04.57
开机时间:2014-09-25 星期四 17:28:05.35
关机时间:2014-09-25 星期四 17:30:21.54
关机时间:2014-09-25 星期四 17:30:24.14
开机时间:2014-09-25 星期四 17:30:29.09
开机时间:2014-09-25 星期四 17:30:36.14
开机时间:2014-09-25 星期四 17:30:36.76
开机时间:2014-09-25 星期四 17:30:37.06
关机时间:2016/07/02 周六 18:40:50.46
开机时间:2016/07/04 周一  9:37:27.91
关机时间:2016/07/04 周一 21:03:06.00
开机时间:2016/07/05 周二  9:32:32.94
关机时间:2016/07/05 周二 21:03:15.13
开机时间:2016/07/06 周三  9:32:19.68
关机时间:2016/07/06 周三 21:05:45.98
开机时间:2016/07/07 周四  9:32:04.06
开机时间:2016/07/07 周四 11:06:13.33
关机时间:2016/07/07 周四 21:03:03.81
开机时间:2016/07/08 周五  9:37:02.23
关机时间:2016/07/08 周五 18:34:58.60
开机时间:2016/07/09 周六 10:16:36.95
关机时间:2016/07/09 周六 18:32:16.09
开机时间:2016/07/11 周一  9:35:47.74
关机时间:2016/07/11 周一 21:03:40.11
开机时间:2016/07/12 周二  9:40:14.39
关机时间:2016/07/12 周二 21:03:44.97
开机时间:2016/07/13 周三  9:34:51.39
关机时间:2016/07/13 周三 21:03:50.24
开机时间:2016/07/14 周四  9:39:04.87
关机时间:2016/07/14 周四 21:03:08.61
开机时间:2016/07/15 周五  9:38:51.53
关机时间:2016/07/15 周五 18:34:48.88
开机时间:2016/07/16 周六 10:13:15.24
关机时间:2016/07/16 周六 18:14:28.01
开机时间:2016/07/18 周一  9:34:46.43
关机时间:2016/07/18 周一 21:02:37.39
开机时间:2016/07/19 周二  9:42:42.58
关机时间:2016/07/19 周二 21:02:43.29
开机时间:2016/07/20 周三  9:49:36.82
关机时间:2016/07/20 周三 18:32:37.31
--------------------------------------------- 
开机时间:2016/07/21 周四  9:41:33.14
关机时间:2016/07/21 周四 21:02:52.50
--------------------------------------------- 
开机时间:2016/07/25 周一  9:28:59.70
关机时间:2016/07/25 周一 21:03:43.78
--------------------------------------------- 
开机时间:2016/07/26 周二  9:34:05.56
关机时间:2016/07/26 周二 21:04:20.04
--------------------------------------------- 
开机时间:2016/07/27 周三  9:38:49.35
关机时间:2016/07/27 周三 21:04:25.73
--------------------------------------------- 
开机时间:2016/07/28 周四  9:39:39.33
关机时间:2016/07/28 周四 21:04:21.52
--------------------------------------------- 
开机时间:2016/07/29 周五  9:34:53.31
关机时间:2016/07/29 周五 18:33:23.01
--------------------------------------------- 
开机时间:2016/07/30 周六 10:31:35.67
关机时间:2016/07/30 周六 18:33:38.04
--------------------------------------------- 
开机时间:2016/08/01 周一  9:38:11.38
关机时间:2016/08/01 周一 22:00:18.39
--------------------------------------------- 
开机时间:2016/08/02 周二  9:35:41.84
关机时间:2016/08/02 周二 21:04:26.93
--------------------------------------------- 
开机时间:2016/08/03 周三  9:40:22.67
关机时间:2016/08/03 周三 21:04:35.42
--------------------------------------------- 
开机时间:2016/08/04 周四  9:33:46.27
关机时间:2016/08/04 周四 21:03:51.06
--------------------------------------------- 
开机时间:2016/08/05 周五  9:36:32.62
关机时间:2016/08/05 周五 18:36:35.56
--------------------------------------------- 
开机时间:2016/08/06 周六 10:14:25.42
关机时间:2016/08/06 周六 18:21:39.85
--------------------------------------------- 
开机时间:2016/08/08 周一  9:39:27.16
关机时间:2016/08/08 周一 21:02:56.00
--------------------------------------------- 
开机时间:2016/08/09 周二  9:34:36.24
关机时间:2016/08/09 周二 21:05:09.28
--------------------------------------------- 
开机时间:2016/08/10 周三  9:36:35.53
--------------------------------------------- 
开机时间:2016/08/10 周三 20:35:23.36
关机时间:2016/08/10 周三 21:02:49.46
--------------------------------------------- 
开机时间:2016/08/11 周四  9:42:36.51
关机时间:2016/08/11 周四 21:03:15.06
--------------------------------------------- 
开机时间:2016/08/12 周五  9:35:26.12
关机时间:2016/08/12 周五 18:35:50.74
--------------------------------------------- 
开机时间:2016/08/13 周六 10:14:17.46
关机时间:2016/08/13 周六 18:07:07.85
--------------------------------------------- 
开机时间:2016/08/15 周一  9:41:57.29
关机时间:2016/08/15 周一 21:02:25.94
--------------------------------------------- 
开机时间:2016/08/16 周二  9:35:42.72
关机时间:2016/08/16 周二 21:02:52.20
--------------------------------------------- 
开机时间:2016/08/17 周三  9:32:19.02
关机时间:2016/08/17 周三 21:03:09.54
--------------------------------------------- 
开机时间:2016/08/18 周四  9:42:58.11
关机时间:2016/08/18 周四 21:01:10.28
--------------------------------------------- 
开机时间:2016/08/19 周五  9:34:59.90
关机时间:2016/08/19 周五 21:05:18.13
--------------------------------------------- 
开机时间:2016/08/20 周六 10:22:55.09
关机时间:2016/08/20 周六 18:37:00.46
--------------------------------------------- 
开机时间:2016/08/22 周一  9:32:38.93
关机时间:2016/08/22 周一 21:02:52.40
--------------------------------------------- 
开机时间:2016/08/23 周二  9:34:47.15
关机时间:2016/08/23 周二 21:03:21.47
--------------------------------------------- 
开机时间:2016/08/24 周三  9:33:32.78
关机时间:2016/08/24 周三 21:03:34.07
--------------------------------------------- 
开机时间:2016/08/25 周四  9:34:30.11
关机时间:2016/08/25 周四 21:03:09.61
--------------------------------------------- 
开机时间:2016/08/26 周五  9:36:19.38
关机时间:2016/08/26 周五 18:34:03.20
--------------------------------------------- 
开机时间:2016/08/27 周六  9:44:03.09
关机时间:2016/08/27 周六 18:06:36.56
--------------------------------------------- 
开机时间:2016/08/28 周日  9:53:01.24
关机时间:2016/08/28 周日 18:12:01.70
--------------------------------------------- 
开机时间:2016/08/29 周一  9:37:06.32
关机时间:2016/08/29 周一 21:04:16.23
--------------------------------------------- 
开机时间:2016/08/30 周二  9:36:24.85
--------------------------------------------- 
开机时间:2016/08/30 周二 16:24:59.65
关机时间:2016/08/30 周二 21:03:41.12
--------------------------------------------- 
开机时间:2016/08/31 周三  9:36:24.68
关机时间:2016/08/31 周三 21:02:17.59
--------------------------------------------- 
开机时间:2016/09/01 周四  9:34:48.21
关机时间:2016/09/01 周四 21:04:11.76
--------------------------------------------- 
开机时间:2016/09/02 周五  9:40:22.99
关机时间:2016/09/02 周五 18:32:07.76
--------------------------------------------- 
开机时间:2016/09/03 周六 10:03:02.83
关机时间:2016/09/03 周六 18:04:05.38
--------------------------------------------- 
开机时间:2016/09/05 周一  9:28:24.91
关机时间:2016/09/05 周一 21:02:22.40
--------------------------------------------- 
开机时间:2016/09/06 周二  9:34:51.70
关机时间:2016/09/06 周二 21:01:56.49
--------------------------------------------- 
开机时间:2016/09/08 周四  9:33:04.96
关机时间:2016/09/08 周四 21:03:18.47
--------------------------------------------- 
开机时间:2016/09/09 周五  9:30:38.94
关机时间:2016/09/09 周五 21:07:03.91
--------------------------------------------- 
开机时间:2016/09/10 周六 10:08:17.35
关机时间:2016/09/10 周六 18:08:53.83
--------------------------------------------- 
开机时间:2016/09/12 周一  9:38:40.41
关机时间:2016/09/12 周一 21:02:43.70
--------------------------------------------- 
开机时间:2016/09/13 周二  9:40:10.23
关机时间:2016/09/13 周二 21:03:42.30
--------------------------------------------- 
开机时间:2016/09/14 周三  9:36:35.06
关机时间:2016/09/14 周三 18:57:35.62
--------------------------------------------- 
开机时间:2016/09/18 周日 10:18:38.22
关机时间:2016/09/18 周日 21:03:02.35
--------------------------------------------- 
开机时间:2016/09/19 周一  9:37:50.42
关机时间:2016/09/19 周一 21:01:57.60
--------------------------------------------- 
开机时间:2016/09/20 周二  9:36:19.04
关机时间:2016/09/20 周二 21:03:16.99
--------------------------------------------- 
开机时间:2016/09/21 周三  9:42:50.65
关机时间:2016/09/21 周三 21:03:26.73
--------------------------------------------- 
开机时间:2016/09/22 周四  9:37:56.67
关机时间:2016/09/22 周四 21:02:46.99
--------------------------------------------- 
开机时间:2016/09/23 周五  9:35:21.86
关机时间:2016/09/23 周五 18:07:26.03
--------------------------------------------- 
开机时间:2016/09/27 周二  9:34:15.76
关机时间:2016/09/27 周二 21:02:29.21
--------------------------------------------- 
开机时间:2016/09/28 周三  9:36:02.62
关机时间:2016/09/28 周三 21:05:03.02
--------------------------------------------- 
开机时间:2016/09/29 周四  9:36:05.36
关机时间:2016/09/29 周四 21:02:55.55
--------------------------------------------- 
开机时间:2016/09/30 周五  9:31:58.10
关机时间:2016/09/30 周五 18:23:35.40
--------------------------------------------- 
开机时间:2016/10/08 周六  9:49:20.51
关机时间:2016/10/08 周六 16:39:40.08
--------------------------------------------- 
开机时间:2016/10/08 周六 16:42:13.75
关机时间:2016/10/08 周六 21:00:44.59
--------------------------------------------- 
开机时间:2016/10/09 周日  9:38:50.38
关机时间:2016/10/09 周日 21:02:32.40
--------------------------------------------- 
开机时间:2016/10/10 周一  9:40:25.59
关机时间:2016/10/10 周一 21:02:24.06
--------------------------------------------- 
开机时间:2016/10/11 周二  9:39:13.31
关机时间:2016/10/11 周二 21:01:45.09
--------------------------------------------- 
开机时间:2016/10/12 周三  9:37:48.33
关机时间:2016/10/12 周三 21:02:00.79
--------------------------------------------- 
开机时间:2016/10/13 周四  9:37:09.37
关机时间:2016/10/13 周四 21:01:41.12
--------------------------------------------- 
开机时间:2016/10/14 周五  9:38:10.15
关机时间:2016/10/14 周五 18:32:06.02
--------------------------------------------- 
开机时间:2016/10/15 周六 10:02:52.18
关机时间:2016/10/15 周六 18:06:19.46
--------------------------------------------- 
开机时间:2016/10/17 周一  9:46:33.51
关机时间:2016/10/17 周一 21:02:25.02
--------------------------------------------- 
开机时间:2016/10/18 周二  9:37:32.59
关机时间:2016/10/18 周二 18:32:00.54
--------------------------------------------- 
开机时间:2016/10/19 周三  9:33:56.43
关机时间:2016/10/19 周三 21:02:53.97
--------------------------------------------- 
开机时间:2016/10/20 周四  9:35:53.36
关机时间:2016/10/20 周四 21:03:54.88
--------------------------------------------- 
开机时间:2016/10/24 周一  9:41:02.18
关机时间:2016/10/24 周一 21:04:02.87
--------------------------------------------- 
开机时间:2016/10/25 周二  9:34:41.15
关机时间:2016/10/25 周二 21:01:47.26
--------------------------------------------- 
开机时间:2016/10/26 周三  9:41:26.42
关机时间:2016/10/26 周三 18:33:30.48
--------------------------------------------- 
开机时间:2016/10/27 周四  9:32:44.51
关机时间:2016/10/27 周四 21:01:27.47
--------------------------------------------- 
开机时间:2016/10/28 周五  9:33:43.41
关机时间:2016/10/28 周五 18:33:23.18
--------------------------------------------- 
开机时间:2016/10/29 周六 10:37:32.93
关机时间:2016/10/29 周六 18:02:57.38
--------------------------------------------- 
开机时间:2016/10/31 周一  9:34:00.53
关机时间:2016/10/31 周一 21:03:47.99
--------------------------------------------- 
开机时间:2016/11/01 周二  9:36:07.55
关机时间:2016/11/01 周二 18:34:47.14
--------------------------------------------- 
开机时间:2016/11/02 周三  9:40:16.77
关机时间:2016/11/02 周三 21:03:17.36
--------------------------------------------- 
开机时间:2016/11/03 周四  9:40:39.57
关机时间:2016/11/03 周四 18:35:31.54
--------------------------------------------- 
开机时间:2016/11/04 周五  9:38:42.95
关机时间:2016/11/04 周五 18:33:23.12
--------------------------------------------- 
开机时间:2016/11/05 周六 10:06:49.99
关机时间:2016/11/05 周六 18:05:46.74
--------------------------------------------- 
开机时间:2016/11/07 周一  9:35:10.58
关机时间:2016/11/07 周一 18:33:17.15
--------------------------------------------- 
开机时间:2016/11/08 周二  9:33:14.74
关机时间:2016/11/08 周二 21:02:41.29
--------------------------------------------- 
开机时间:2016/11/09 周三  9:37:17.13
关机时间:2016/11/09 周三 18:34:56.59
--------------------------------------------- 
开机时间:2016/11/10 周四  9:37:12.75
关机时间:2016/11/10 周四 21:03:17.77
--------------------------------------------- 
开机时间:2016/11/11 周五  9:35:53.65
关机时间:2016/11/11 周五 18:35:42.53
--------------------------------------------- 
开机时间:2016/11/14 周一  9:41:29.00
关机时间:2016/11/14 周一 21:03:24.08
--------------------------------------------- 
开机时间:2016/11/15 周二  9:43:34.90
关机时间:2016/11/15 周二 18:34:52.03
--------------------------------------------- 
开机时间:2016/11/16 周三  9:35:44.78
关机时间:2016/11/16 周三 21:03:06.74
--------------------------------------------- 
开机时间:2016/11/17 周四  9:40:32.73
关机时间:2016/11/17 周四 18:35:13.86
--------------------------------------------- 
开机时间:2016/11/18 周五  9:34:54.97
关机时间:2016/11/18 周五 18:35:42.59
--------------------------------------------- 
开机时间:2016/11/19 周六  9:49:09.54
关机时间:2016/11/19 周六 18:05:49.07
--------------------------------------------- 
开机时间:2016/11/21 周一  9:48:01.52
关机时间:2016/11/21 周一 18:34:51.31
--------------------------------------------- 
开机时间:2016/11/22 周二  9:39:08.76
关机时间:2016/11/22 周二 21:03:15.79
--------------------------------------------- 
开机时间:2016/11/23 周三  9:39:53.99
关机时间:2016/11/23 周三 18:35:29.16
--------------------------------------------- 
开机时间:2016/11/24 周四  9:41:54.37
关机时间:2016/11/24 周四 21:04:53.91
--------------------------------------------- 
开机时间:2016/11/25 周五  9:37:04.57
关机时间:2016/11/25 周五 18:37:00.43
--------------------------------------------- 
开机时间:2016/11/26 周六 10:01:47.36
关机时间:2016/11/26 周六 18:42:13.78
--------------------------------------------- 
开机时间:2016/11/28 周一  9:36:40.04
关机时间:2016/11/28 周一 21:05:13.27
--------------------------------------------- 
开机时间:2016/11/29 周二  9:40:38.61
关机时间:2016/11/29 周二 21:04:13.35
--------------------------------------------- 
开机时间:2016/11/30 周三  9:40:56.48
关机时间:2016/11/30 周三 21:04:28.85
--------------------------------------------- 
开机时间:2016/12/01 周四  9:42:07.48
关机时间:2016/12/01 周四 21:06:44.86
--------------------------------------------- 
开机时间:2016/12/02 周五  9:40:58.36
关机时间:2016/12/02 周五 18:35:38.76
--------------------------------------------- 
开机时间:2016/12/05 周一  9:41:20.33
关机时间:2016/12/05 周一 21:04:52.41
--------------------------------------------- 
开机时间:2016/12/06 周二  9:37:46.23
关机时间:2016/12/06 周二 18:34:23.54
--------------------------------------------- 
开机时间:2016/12/07 周三  9:36:42.05
关机时间:2016/12/07 周三 21:03:25.37
--------------------------------------------- 
开机时间:2016/12/08 周四  9:38:00.08
关机时间:2016/12/08 周四 18:35:18.33
--------------------------------------------- 
开机时间:2016/12/09 周五  9:38:44.92
关机时间:2016/12/09 周五 18:36:47.52
--------------------------------------------- 
开机时间:2016/12/10 周六 10:46:25.33
关机时间:2016/12/10 周六 18:09:59.96
--------------------------------------------- 
开机时间:2016/12/12 周一  9:37:38.38
关机时间:2016/12/12 周一 18:35:08.56
--------------------------------------------- 
开机时间:2016/12/13 周二  9:32:05.54
关机时间:2016/12/13 周二 21:01:17.42
--------------------------------------------- 
开机时间:2016/12/14 周三  9:36:23.24
关机时间:2016/12/14 周三 18:39:06.06
--------------------------------------------- 
开机时间:2016/12/15 周四  9:33:13.03
关机时间:2016/12/15 周四 21:02:35.28
--------------------------------------------- 
开机时间:2016/12/16 周五  9:41:54.04
关机时间:2016/12/16 周五 18:32:03.15
--------------------------------------------- 
开机时间:2016/12/16 周五 18:34:17.12
关机时间:2016/12/19 周一 21:05:43.33
--------------------------------------------- 
开机时间:2016/12/20 周二  9:27:33.78
关机时间:2016/12/20 周二 18:32:40.48
--------------------------------------------- 
开机时间:2016/12/21 周三  9:38:43.16
关机时间:2016/12/21 周三 21:05:31.54
--------------------------------------------- 
开机时间:2016/12/22 周四  9:33:54.48
关机时间:2016/12/22 周四 21:04:08.76
--------------------------------------------- 
开机时间:2016/12/23 周五  9:31:27.07
关机时间:2016/12/23 周五 18:39:19.52
--------------------------------------------- 
开机时间:2016/12/24 周六 10:13:02.29
关机时间:2016/12/24 周六 18:07:08.32
--------------------------------------------- 
开机时间:2016/12/26 周一  9:36:20.12
关机时间:2016/12/26 周一 21:05:13.88
--------------------------------------------- 
开机时间:2016/12/27 周二  9:33:54.83
关机时间:2016/12/27 周二 21:05:07.42
--------------------------------------------- 
开机时间:2016/12/28 周三  9:33:00.63
关机时间:2016/12/28 周三 21:07:03.46
--------------------------------------------- 
开机时间:2016/12/29 周四  9:34:37.97
关机时间:2016/12/29 周四 21:05:51.80
--------------------------------------------- 
开机时间:2016/12/30 周五  9:35:42.12
--------------------------------------------- 
开机时间:2017/01/03 周二  9:34:45.67
关机时间:2017/01/03 周二 21:05:53.98
--------------------------------------------- 
开机时间:2017/01/04 周三  9:34:20.10
关机时间:2017/01/04 周三 21:04:44.43
--------------------------------------------- 
开机时间:2017/01/05 周四  9:34:28.89
关机时间:2017/01/05 周四 21:04:39.19
--------------------------------------------- 
开机时间:2017/01/06 周五  9:37:29.71
关机时间:2017/01/06 周五 18:39:32.58
--------------------------------------------- 
开机时间:2017/01/07 周六 10:15:55.32
关机时间:2017/01/07 周六 18:05:14.18
--------------------------------------------- 
开机时间:2017/01/09 周一  9:35:50.54
关机时间:2017/01/09 周一 21:04:06.21
--------------------------------------------- 
开机时间:2017/01/10 周二  9:37:15.48
关机时间:2017/01/10 周二 21:04:26.42
--------------------------------------------- 
开机时间:2017/01/11 周三  9:36:43.36
关机时间:2017/01/11 周三 21:04:41.94
--------------------------------------------- 
开机时间:2017/01/12 周四  9:39:15.19
关机时间:2017/01/12 周四 21:04:58.87
--------------------------------------------- 
开机时间:2017/01/13 周五  9:40:39.70
关机时间:2017/01/13 周五 18:37:13.10
--------------------------------------------- 
开机时间:2017/01/16 周一  9:33:49.77
关机时间:2017/01/16 周一 21:06:15.52
--------------------------------------------- 
开机时间:2017/01/17 周二  9:31:12.24
--------------------------------------------- 
开机时间:2017/01/17 周二 12:17:12.66
关机时间:2017/01/17 周二 21:03:36.64
--------------------------------------------- 
开机时间:2017/01/18 周三  9:30:22.04
关机时间:2017/01/18 周三  9:35:22.39
--------------------------------------------- 
开机时间:2017/01/18 周三  9:40:35.01
关机时间:2017/01/18 周三 17:31:20.87
--------------------------------------------- 
开机时间:2017/01/22 周日  9:34:25.60
关机时间:2017/01/22 周日 16:55:40.19
--------------------------------------------- 
开机时间:2017/02/06 周一  9:39:32.48
关机时间:2017/02/06 周一 18:34:03.84
--------------------------------------------- 
开机时间:2017/02/07 周二  9:37:22.24
关机时间:2017/02/07 周二 18:37:02.75
--------------------------------------------- 
开机时间:2017/02/08 周三  9:39:06.18
关机时间:2017/02/08 周三 18:34:53.77
--------------------------------------------- 
开机时间:2017/02/09 周四  9:31:31.01
关机时间:2017/02/09 周四 21:03:37.57
--------------------------------------------- 
开机时间:2017/02/10 周五  9:32:13.02
关机时间:2017/02/10 周五 18:34:14.79
--------------------------------------------- 
开机时间:2017/02/13 周一  9:39:40.21
关机时间:2017/02/13 周一 21:03:55.42
--------------------------------------------- 
开机时间:2017/02/14 周二  9:39:57.39
关机时间:2017/02/14 周二 21:04:59.34
--------------------------------------------- 
开机时间:2017/02/15 周三  9:38:32.25
关机时间:2017/02/15 周三 21:04:19.72
--------------------------------------------- 
开机时间:2017/02/16 周四  9:39:29.28
关机时间:2017/02/16 周四 21:03:12.50
--------------------------------------------- 
开机时间:2017/02/17 周五  9:36:44.01
关机时间:2017/02/17 周五 18:35:57.64
--------------------------------------------- 
开机时间:2017/02/18 周六 10:04:47.53
关机时间:2017/03/08 周三 21:05:10.41
--------------------------------------------- 
开机时间:2017/03/09 周四  9:36:34.50
关机时间:2017/03/09 周四 14:43:23.55
--------------------------------------------- 
开机时间:2017/03/09 周四 14:45:12.04
关机时间:2017/03/09 周四 21:04:23.69
--------------------------------------------- 
开机时间:2017/03/10 周五  9:39:46.70
关机时间:2017/03/10 周五 18:38:49.37
--------------------------------------------- 
开机时间:2017/03/11 周六 10:13:38.78
关机时间:2017/03/11 周六 18:06:57.76
--------------------------------------------- 
开机时间:2017/03/13 周一  9:32:39.43
关机时间:2017/03/13 周一 21:04:47.74
--------------------------------------------- 
开机时间:2017/03/14 周二  9:37:39.79
关机时间:2017/03/14 周二 21:04:11.47
--------------------------------------------- 
开机时间:2017/03/15 周三  9:42:04.43
关机时间:2017/03/15 周三 21:04:56.25
--------------------------------------------- 
开机时间:2017/03/16 周四  9:39:02.30
关机时间:2017/03/16 周四 21:04:23.00
--------------------------------------------- 
开机时间:2017/03/17 周五  9:40:01.95
关机时间:2017/03/17 周五 18:35:25.95
--------------------------------------------- 
开机时间:2017/03/18 周六 10:13:42.08
关机时间:2017/03/18 周六 18:07:59.01
--------------------------------------------- 
开机时间:2017/03/20 周一  9:37:31.54
关机时间:2017/03/20 周一 21:03:28.25
--------------------------------------------- 
开机时间:2017/03/21 周二  9:35:19.66
关机时间:2017/03/21 周二 21:05:32.64
--------------------------------------------- 
开机时间:2017/03/22 周三  9:42:17.75
关机时间:2017/03/22 周三 21:04:49.64
--------------------------------------------- 
开机时间:2017/03/23 周四  9:47:04.29
关机时间:2017/03/23 周四 21:04:59.03
--------------------------------------------- 
开机时间:2017/03/24 周五  9:53:25.32
关机时间:2017/03/24 周五 18:36:27.70
--------------------------------------------- 
开机时间:2017/03/25 周六 10:17:49.84
关机时间:2017/03/25 周六 18:03:12.86
--------------------------------------------- 
开机时间:2017/03/27 周一  9:43:42.13
关机时间:2017/03/27 周一 15:58:19.57
--------------------------------------------- 
开机时间:2017/03/27 周一 16:04:25.80
关机时间:2017/03/27 周一 21:14:28.38
--------------------------------------------- 
开机时间:2017/03/28 周二  9:39:46.30
关机时间:2017/03/28 周二 21:05:04.49
--------------------------------------------- 
开机时间:2017/03/29 周三  9:40:21.18
关机时间:2017/03/29 周三 21:05:27.69
--------------------------------------------- 
开机时间:2017/03/30 周四  9:38:33.76
关机时间:2017/03/30 周四 21:05:28.10
--------------------------------------------- 
开机时间:2017/03/31 周五  9:38:58.75
关机时间:2017/03/31 周五 18:36:45.66
--------------------------------------------- 
开机时间:2017/04/01 周六  9:33:29.64
关机时间:2017/04/01 周六 18:37:46.61
--------------------------------------------- 
开机时间:2017/04/02 周日 10:10:30.76
关机时间:2017/04/02 周日 18:24:02.90
--------------------------------------------- 
开机时间:2017/04/05 周三  9:39:48.88
关机时间:2017/04/05 周三 21:05:42.15
--------------------------------------------- 
开机时间:2017/04/06 周四  9:38:09.74
关机时间:2017/04/06 周四 21:06:23.72
--------------------------------------------- 
开机时间:2017/04/07 周五  9:39:39.29
关机时间:2017/04/07 周五 18:44:55.47
--------------------------------------------- 
开机时间:2017/04/08 周六 10:10:02.87
关机时间:2017/04/08 周六 18:15:50.49
--------------------------------------------- 
开机时间:2017/04/10 周一  9:38:06.88
关机时间:2017/04/10 周一 21:11:13.35
--------------------------------------------- 
开机时间:2017/04/11 周二  9:41:44.42
关机时间:2017/04/11 周二 21:06:03.55
--------------------------------------------- 
开机时间:2017/04/12 周三  9:36:25.03
关机时间:2017/04/12 周三 21:06:29.48
--------------------------------------------- 
开机时间:2017/04/13 周四  9:37:33.92
关机时间:2017/04/13 周四 21:07:05.78
--------------------------------------------- 
开机时间:2017/04/14 周五  9:35:51.47
关机时间:2017/04/14 周五 21:13:15.02
--------------------------------------------- 
开机时间:2017/04/15 周六 10:17:36.25
关机时间:2017/04/15 周六 18:12:28.82
--------------------------------------------- 
开机时间:2017/04/17 周一  9:37:20.13
关机时间:2017/04/17 周一 21:06:11.63
--------------------------------------------- 
开机时间:2017/04/18 周二  9:33:45.57
关机时间:2017/04/18 周二 21:06:37.93
--------------------------------------------- 
开机时间:2017/04/19 周三  9:34:06.29
关机时间:2017/04/19 周三 21:12:49.05
--------------------------------------------- 
开机时间:2017/04/20 周四  9:38:30.05
关机时间:2017/04/20 周四 21:08:57.59
--------------------------------------------- 
开机时间:2017/04/21 周五  9:35:35.99
--------------------------------------------- 
开机时间:2017/04/22 周六 10:28:37.69
关机时间:2017/04/22 周六 21:43:17.81
--------------------------------------------- 
开机时间:2017/04/24 周一  9:30:08.74
关机时间:2017/04/24 周一 22:13:36.78
--------------------------------------------- 
开机时间:2017/04/25 周二  9:32:37.34
关机时间:2017/04/25 周二 22:38:46.89
--------------------------------------------- 
开机时间:2017/05/04 周四  9:37:22.80
关机时间:2017/05/04 周四 21:05:59.36
--------------------------------------------- 
开机时间:2017/05/05 周五  9:32:24.47
关机时间:2017/05/05 周五 18:44:00.13
--------------------------------------------- 
开机时间:2017/05/06 周六 10:35:57.20
关机时间:2017/05/06 周六 16:59:28.74
--------------------------------------------- 
开机时间:2017/05/08 周一  9:41:05.85
关机时间:2017/05/08 周一 18:39:26.60
--------------------------------------------- 
开机时间:2017/05/09 周二  9:33:43.38
关机时间:2017/05/09 周二 21:09:48.67
--------------------------------------------- 
开机时间:2017/05/10 周三  9:12:15.96
关机时间:2017/05/10 周三 21:08:05.92
--------------------------------------------- 
开机时间:2017/05/11 周四  9:41:12.07
关机时间:2017/05/11 周四 21:19:26.48
--------------------------------------------- 
开机时间:2017/05/12 周五  9:41:58.99
关机时间:2017/05/12 周五 18:53:04.99
--------------------------------------------- 
开机时间:2017/05/13 周六 10:32:59.33
关机时间:2017/05/13 周六 18:15:41.65
--------------------------------------------- 
开机时间:2017/05/15 周一  9:40:35.80
关机时间:2017/05/15 周一 21:08:23.08
--------------------------------------------- 
开机时间:2017/05/16 周二  9:36:40.70
关机时间:2017/05/16 周二 18:57:59.16
--------------------------------------------- 
开机时间:2017/05/16 周二 19:30:05.29
关机时间:2017/05/16 周二 21:06:36.35
--------------------------------------------- 
开机时间:2017/05/17 周三  9:40:30.72
关机时间:2017/05/17 周三 21:05:16.82
--------------------------------------------- 
开机时间:2017/05/18 周四  9:39:43.49
关机时间:2017/05/18 周四 21:05:26.40
--------------------------------------------- 
开机时间:2017/05/19 周五  9:36:19.05
关机时间:2017/05/19 周五 18:40:07.81
--------------------------------------------- 
开机时间:2017/05/20 周六 10:14:11.05
--------------------------------------------- 
开机时间:2017/05/20 周六 12:09:04.66
关机时间:2017/05/20 周六 18:46:52.38
--------------------------------------------- 
开机时间:2017/05/22 周一  9:41:26.78
关机时间:2017/05/22 周一 21:05:58.16
--------------------------------------------- 
开机时间:2017/05/23 周二  9:41:47.22
关机时间:2017/05/23 周二 21:05:47.18
--------------------------------------------- 
开机时间:2017/05/24 周三  9:37:02.22
关机时间:2017/05/24 周三 21:05:27.07
--------------------------------------------- 
开机时间:2017/05/25 周四  9:34:29.20
关机时间:2017/05/25 周四 21:08:54.58
--------------------------------------------- 
开机时间:2017/05/26 周五  9:35:16.58
关机时间:2017/05/26 周五 18:39:39.80
--------------------------------------------- 
开机时间:2017/05/27 周六  9:37:33.37
关机时间:2017/05/27 周六 18:38:33.07
--------------------------------------------- 
开机时间:2017/05/30 周二 10:13:53.35
--------------------------------------------- 
开机时间:2017/05/30 周二 14:02:02.24
关机时间:2017/05/30 周二 18:36:10.53
--------------------------------------------- 
开机时间:2017/05/31 周三  9:35:42.19
关机时间:2017/05/31 周三 21:07:22.56
--------------------------------------------- 
开机时间:2017/06/01 周四  9:35:04.48
关机时间:2017/06/01 周四 21:05:53.48
--------------------------------------------- 
开机时间:2017/06/02 周五  9:34:48.28
关机时间:2017/06/03 周六 18:42:43.17
--------------------------------------------- 
开机时间:2017/06/05 周一  9:39:00.93
关机时间:2017/06/05 周一 21:07:54.11
--------------------------------------------- 
开机时间:2017/06/06 周二  9:42:53.99
关机时间:2017/06/06 周二 21:07:57.33
--------------------------------------------- 
开机时间:2017/06/07 周三  9:43:17.44
关机时间:2017/06/07 周三 21:04:57.18
--------------------------------------------- 
开机时间:2017/06/08 周四  9:40:49.73
关机时间:2017/06/08 周四 21:06:40.59
--------------------------------------------- 
开机时间:2017/06/09 周五  9:35:23.80
关机时间:2017/06/09 周五 18:41:28.96
--------------------------------------------- 
开机时间:2017/06/10 周六 10:22:24.01
关机时间:2017/06/10 周六 17:59:43.11
--------------------------------------------- 
开机时间:2017/06/12 周一  9:37:22.38
关机时间:2017/06/12 周一 21:09:27.81
--------------------------------------------- 
开机时间:2017/06/13 周二  9:39:24.36
关机时间:2017/06/13 周二 21:06:08.16
--------------------------------------------- 
开机时间:2017/06/14 周三  9:38:25.35
关机时间:2017/06/14 周三 21:05:58.91
--------------------------------------------- 
开机时间:2017/06/15 周四  9:40:38.28
关机时间:2017/06/15 周四 21:05:56.53
--------------------------------------------- 
开机时间:2017/06/16 周五  9:35:03.38
关机时间:2017/06/16 周五 18:36:47.67
--------------------------------------------- 
开机时间:2017/06/17 周六 10:02:14.87
关机时间:2017/06/17 周六 18:07:07.77
--------------------------------------------- 
开机时间:2017/06/19 周一  9:36:10.34
关机时间:2017/06/19 周一 21:06:53.81
--------------------------------------------- 
开机时间:2017/06/20 周二  9:44:14.53
关机时间:2017/06/20 周二 21:07:31.75
--------------------------------------------- 
开机时间:2017/06/21 周三  9:41:01.53
关机时间:2017/06/21 周三 21:06:08.98
--------------------------------------------- 
开机时间:2017/06/22 周四  9:40:34.61
关机时间:2017/06/22 周四 23:04:37.71
--------------------------------------------- 
开机时间:2017/06/23 周五  9:50:15.21
关机时间:2017/06/23 周五 18:36:12.79
--------------------------------------------- 
开机时间:2017/06/24 周六 10:27:51.86
关机时间:2017/06/24 周六 18:05:51.90
--------------------------------------------- 
开机时间:2017/06/26 周一  9:44:12.90
关机时间:2017/06/26 周一 21:05:02.19
--------------------------------------------- 
开机时间:2017/06/27 周二  9:37:53.90
关机时间:2017/06/27 周二 21:06:09.36
--------------------------------------------- 
开机时间:2017/06/28 周三  9:47:27.03
关机时间:2017/06/28 周三 23:07:07.45
--------------------------------------------- 
开机时间:2017/06/29 周四  9:38:56.36
关机时间:2017/06/29 周四 21:05:53.44
--------------------------------------------- 
开机时间:2017/06/30 周五  9:42:22.04
关机时间:2017/06/30 周五 19:03:10.55
--------------------------------------------- 
开机时间:2017/07/01 周六 10:11:02.73
关机时间:2017/07/01 周六 18:08:45.14
--------------------------------------------- 
开机时间:2017/07/03 周一  9:41:41.53
关机时间:2017/07/03 周一 21:07:53.48
--------------------------------------------- 
开机时间:2017/07/04 周二  9:47:19.26
关机时间:2017/07/04 周二 21:10:33.56
--------------------------------------------- 
开机时间:2017/07/05 周三  9:41:05.69
关机时间:2017/07/05 周三 21:25:02.97
--------------------------------------------- 
开机时间:2017/07/06 周四  9:45:04.69
关机时间:2017/07/06 周四 21:06:00.38
--------------------------------------------- 
开机时间:2017/07/07 周五  9:43:15.62
关机时间:2017/07/07 周五 18:45:48.46
--------------------------------------------- 
开机时间:2017/07/10 周一  8:14:37.17
关机时间:2017/07/10 周一 21:08:41.76
--------------------------------------------- 
开机时间:2017/07/11 周二  9:38:34.50
关机时间:2017/07/11 周二 21:30:08.35
--------------------------------------------- 
开机时间:2017/07/12 周三  9:35:29.67
关机时间:2017/07/12 周三 21:06:40.22
--------------------------------------------- 
开机时间:2017/07/13 周四  9:40:14.98
关机时间:2017/07/13 周四 21:06:24.65
--------------------------------------------- 
开机时间:2017/07/14 周五  9:38:22.00
关机时间:2017/07/14 周五 18:56:28.72
--------------------------------------------- 
开机时间:2017/07/15 周六 10:18:09.05
关机时间:2017/07/15 周六 20:44:02.18
--------------------------------------------- 
开机时间:2017/07/17 周一  9:42:47.45
关机时间:2017/07/18 周二  0:25:43.97
--------------------------------------------- 
开机时间:2017/07/18 周二  9:35:02.87
关机时间:2017/07/18 周二 21:06:48.85
--------------------------------------------- 
开机时间:2017/07/19 周三  9:35:38.94
关机时间:2017/07/19 周三 21:06:23.25
--------------------------------------------- 
开机时间:2017/07/20 周四  9:38:38.12
关机时间:2017/07/20 周四 21:06:18.47
--------------------------------------------- 
开机时间:2017/07/21 周五  9:52:33.91
关机时间:2017/07/21 周五 18:36:28.76
--------------------------------------------- 
开机时间:2017/07/22 周六 10:17:27.95
关机时间:2017/07/22 周六 18:34:22.03
--------------------------------------------- 
开机时间:2017/07/24 周一  9:35:04.17
关机时间:2017/07/24 周一 21:09:40.09
--------------------------------------------- 
开机时间:2017/07/25 周二  9:33:35.42
关机时间:2017/07/25 周二 21:08:10.92
--------------------------------------------- 
开机时间:2017/07/26 周三  9:40:57.94
关机时间:2017/07/27 周四  2:39:21.82
--------------------------------------------- 
开机时间:2017/07/27 周四  9:40:29.26
关机时间:2017/07/27 周四 21:06:42.98
--------------------------------------------- 
开机时间:2017/07/28 周五  9:33:51.26
关机时间:2017/07/28 周五 18:37:29.84
--------------------------------------------- 
开机时间:2017/07/29 周六  9:57:12.57
关机时间:2017/07/29 周六 18:38:19.84
--------------------------------------------- 
开机时间:2017/07/31 周一  9:36:17.28
关机时间:2017/07/31 周一 21:06:10.94
--------------------------------------------- 
开机时间:2017/08/01 周二  9:34:23.07
关机时间:2017/08/01 周二 21:05:57.05
--------------------------------------------- 
开机时间:2017/08/02 周三  9:37:14.25
关机时间:2017/08/02 周三 21:03:14.17
--------------------------------------------- 
开机时间:2017/08/03 周四  9:43:39.49
关机时间:2017/08/03 周四 21:02:43.60
--------------------------------------------- 
开机时间:2017/08/04 周五  9:36:04.94
关机时间:2017/08/04 周五 18:36:18.46
--------------------------------------------- 
开机时间:2017/08/05 周六 10:06:11.99
关机时间:2017/08/05 周六 18:27:47.15
--------------------------------------------- 
开机时间:2017/08/07 周一  9:38:50.70
关机时间:2017/08/07 周一 21:05:58.21
--------------------------------------------- 
开机时间:2017/08/08 周二  9:40:57.79
关机时间:2017/08/08 周二 21:04:44.30
--------------------------------------------- 
开机时间:2017/08/09 周三  9:37:30.39
关机时间:2017/08/09 周三 21:05:52.06
--------------------------------------------- 
开机时间:2017/08/10 周四  9:41:19.23
关机时间:2017/08/10 周四 21:04:28.05
--------------------------------------------- 
开机时间:2017/08/11 周五  9:35:59.77
关机时间:2017/08/11 周五 21:03:14.61
--------------------------------------------- 
开机时间:2017/08/12 周六 10:13:40.80
关机时间:2017/08/12 周六 21:02:59.92
--------------------------------------------- 
开机时间:2017/08/14 周一  9:33:19.20
关机时间:2017/08/14 周一 21:05:51.64
--------------------------------------------- 
开机时间:2017/08/15 周二  9:40:40.28
关机时间:2017/08/15 周二 21:03:25.75
--------------------------------------------- 
开机时间:2017/08/16 周三  9:34:13.77
关机时间:2017/08/16 周三 21:02:19.36
--------------------------------------------- 
开机时间:2017/08/17 周四  9:36:52.38
关机时间:2017/08/17 周四 21:03:49.10
--------------------------------------------- 
开机时间:2017/08/18 周五  9:37:51.27
关机时间:2017/08/18 周五 18:35:02.88
--------------------------------------------- 
开机时间:2017/08/19 周六 10:32:38.15
关机时间:2017/08/20 周日 18:13:24.33
--------------------------------------------- 
开机时间:2017/08/22 周二  9:36:01.43
关机时间:2017/08/21 周一 21:07:14.09
--------------------------------------------- 
开机时间:2017/08/22 周二  9:40:43.20
关机时间:2017/08/22 周二 21:03:23.68
--------------------------------------------- 
开机时间:2017/08/23 周三  9:38:41.74
关机时间:2017/08/23 周三 21:02:58.17
--------------------------------------------- 
开机时间:2017/08/24 周四  9:33:56.59
--------------------------------------------- 
开机时间:2017/08/24 周四 17:44:38.26
关机时间:2017/08/24 周四 21:03:55.46
--------------------------------------------- 
开机时间:2017/08/25 周五  9:35:58.81
关机时间:2017/08/25 周五 19:01:38.16
--------------------------------------------- 
开机时间:2017/08/26 周六 10:09:55.21
关机时间:2017/08/26 周六 18:52:16.42
--------------------------------------------- 
开机时间:2017/08/28 周一  9:35:58.53
关机时间:2017/08/28 周一 21:03:52.92
--------------------------------------------- 
开机时间:2017/08/29 周二  9:50:46.96
关机时间:2017/08/29 周二 21:03:26.02
--------------------------------------------- 
开机时间:2017/08/30 周三  9:37:07.18
关机时间:2017/08/30 周三 21:02:54.05
--------------------------------------------- 
开机时间:2017/08/31 周四  9:36:16.46
关机时间:2017/08/31 周四 21:03:35.02
--------------------------------------------- 
开机时间:2017/09/01 周五  9:33:06.34
关机时间:2017/09/01 周五 18:41:01.45
--------------------------------------------- 
开机时间:2017/09/02 周六 10:22:47.21
关机时间:2017/09/02 周六 18:41:38.73
--------------------------------------------- 
开机时间:2017/09/04 周一  9:36:42.00
关机时间:2017/09/05 周二 12:28:12.08
--------------------------------------------- 
开机时间:2017/09/05 周二 12:30:23.87
关机时间:2017/09/05 周二 21:35:22.00
--------------------------------------------- 
开机时间:2017/09/06 周三  9:37:06.01
关机时间:2017/09/06 周三 22:00:16.21
--------------------------------------------- 
开机时间:2017/09/07 周四  9:42:40.77
关机时间:2017/09/07 周四 21:35:37.35
--------------------------------------------- 
开机时间:2017/09/08 周五  9:39:52.99
关机时间:2017/09/08 周五 18:35:33.46
--------------------------------------------- 
开机时间:2017/09/09 周六 10:22:36.98
关机时间:2017/09/09 周六 18:11:00.27
--------------------------------------------- 
开机时间:2017/09/11 周一  9:42:01.63
关机时间:2017/09/11 周一 21:38:41.30
--------------------------------------------- 
开机时间:2017/09/12 周二  9:35:51.20
关机时间:2017/09/12 周二 21:35:57.73
--------------------------------------------- 
开机时间:2017/09/13 周三  9:38:12.17
关机时间:2017/09/14 周四 21:32:58.62
--------------------------------------------- 
开机时间:2017/09/15 周五  9:41:48.99
关机时间:2017/09/15 周五 21:02:02.20
--------------------------------------------- 
开机时间:2017/09/16 周六 10:10:32.22
关机时间:2017/09/16 周六 18:05:30.00
--------------------------------------------- 
开机时间:2017/09/18 周一  9:38:18.17
关机时间:2017/09/18 周一 21:25:14.96
--------------------------------------------- 
开机时间:2017/09/19 周二  9:49:32.19
关机时间:2017/09/19 周二 21:33:35.75
--------------------------------------------- 
开机时间:2017/09/20 周三  9:38:00.19
关机时间:2017/09/20 周三 21:31:39.86
--------------------------------------------- 
开机时间:2017/09/21 周四  9:40:25.54
关机时间:2017/09/21 周四 21:35:37.03
--------------------------------------------- 
开机时间:2017/09/22 周五  9:42:12.53
关机时间:2017/09/22 周五 21:05:20.98
--------------------------------------------- 
开机时间:2017/09/23 周六 10:11:04.23
--------------------------------------------- 
开机时间:2017/09/23 周六 17:47:46.48
关机时间:2017/09/23 周六 18:53:36.17
--------------------------------------------- 
开机时间:2017/09/25 周一  9:35:48.05
关机时间:2017/09/25 周一 21:49:38.98
--------------------------------------------- 
开机时间:2017/09/26 周二  9:36:00.54
关机时间:2017/09/26 周二 17:39:14.21
--------------------------------------------- 
开机时间:2017/09/28 周四  9:29:29.21
关机时间:2017/09/28 周四 21:41:14.49
--------------------------------------------- 
开机时间:2017/09/29 周五  9:35:07.05
关机时间:2017/09/29 周五 20:14:21.28
--------------------------------------------- 
开机时间:2017/09/30 周六  9:38:40.07
--------------------------------------------- 
开机时间:2017/09/30 周六 13:45:55.21
关机时间:2017/09/30 周六 16:51:06.78
--------------------------------------------- 
开机时间:2017/10/06 周五 10:10:12.74
关机时间:2017/10/06 周五 18:25:48.06
--------------------------------------------- 
开机时间:2017/10/07 周六 10:08:53.74
关机时间:2017/10/07 周六 18:29:41.79
--------------------------------------------- 
开机时间:2017/10/09 周一  9:41:14.96
关机时间:2017/10/09 周一 21:03:32.18
--------------------------------------------- 
开机时间:2017/10/10 周二  9:49:46.61
关机时间:2017/10/10 周二 21:04:58.48
--------------------------------------------- 
开机时间:2017/10/11 周三  9:39:28.00
关机时间:2017/10/11 周三 21:31:29.74
--------------------------------------------- 
开机时间:2017/10/12 周四  9:42:06.97
关机时间:2017/10/12 周四 22:30:51.94
--------------------------------------------- 
开机时间:2017/10/13 周五  9:38:20.41
关机时间:2017/10/13 周五 21:02:19.53
--------------------------------------------- 
开机时间:2017/10/14 周六 10:21:27.12
关机时间:2017/10/15 周日 18:44:34.20
--------------------------------------------- 
开机时间:2017/10/16 周一  9:45:16.26
关机时间:2017/10/16 周一 22:26:23.93
--------------------------------------------- 
开机时间:2017/10/17 周二  9:28:16.39
关机时间:2017/10/17 周二 21:08:33.11
--------------------------------------------- 
开机时间:2017/10/18 周三  9:40:21.25
关机时间:2017/10/18 周三 21:08:19.08
--------------------------------------------- 
开机时间:2017/10/19 周四  9:36:03.28
关机时间:2017/10/19 周四 11:50:24.13
--------------------------------------------- 
开机时间:2017/10/19 周四 11:56:00.40
关机时间:2017/10/19 周四 21:37:59.82
--------------------------------------------- 
开机时间:2017/10/20 周五  9:44:19.01
关机时间:2017/10/20 周五 18:46:33.91
--------------------------------------------- 
开机时间:2017/10/21 周六 10:36:55.93
关机时间:2017/10/21 周六 18:23:20.19
--------------------------------------------- 
开机时间:2017/10/23 周一  9:35:57.05
--------------------------------------------- 
开机时间:2017/10/23 周一 12:08:39.04
--------------------------------------------- 
开机时间:2017/10/23 周一 13:50:18.73
关机时间:2017/10/23 周一 21:12:52.45
--------------------------------------------- 
开机时间:2017/10/24 周二  9:37:22.25
关机时间:2017/10/24 周二 21:11:06.92
--------------------------------------------- 
开机时间:2017/10/25 周三  9:33:52.72
--------------------------------------------- 
开机时间:2017/10/25 周三 13:19:21.89
关机时间:2017/10/25 周三 21:06:30.21
--------------------------------------------- 
开机时间:2017/10/26 周四  9:29:45.14
关机时间:2017/10/26 周四 21:07:09.70
--------------------------------------------- 
开机时间:2017/10/27 周五  9:43:18.06
关机时间:2017/10/27 周五 21:16:06.46
--------------------------------------------- 
开机时间:2017/10/28 周六 10:40:41.49
关机时间:2017/10/28 周六 18:39:56.08
--------------------------------------------- 
开机时间:2017/10/29 周日 10:57:03.07
关机时间:2017/10/29 周日 18:50:14.85
--------------------------------------------- 
开机时间:2017/10/30 周一  9:38:20.50
关机时间:2017/10/30 周一 22:35:12.37
--------------------------------------------- 
开机时间:2017/10/31 周二  9:37:11.06
关机时间:2017/10/31 周二 21:47:58.52
--------------------------------------------- 
开机时间:2017/11/01 周三  9:25:40.14
--------------------------------------------- 
开机时间:2017/11/04 周六 13:46:00.57
关机时间:2017/11/06 周一  9:36:37.77
--------------------------------------------- 
开机时间:2017/11/06 周一  9:38:48.51
关机时间:2017/11/10 周五 20:12:05.94
--------------------------------------------- 
开机时间:2017/11/14 周二  9:38:38.39
关机时间:2017/11/17 周五  9:49:51.70
--------------------------------------------- 
开机时间:2017/11/17 周五  9:56:30.10
关机时间:2017/11/20 周一 19:00:17.69
--------------------------------------------- 
开机时间:2017/11/20 周一 19:02:15.12
关机时间:2017/11/20 周一 19:12:29.45
--------------------------------------------- 
开机时间:2017/11/20 周一 19:14:32.25
关机时间:2017/11/22 周三 10:30:27.64
--------------------------------------------- 
开机时间:2017/11/22 周三 10:32:30.30
关机时间:2017/11/22 周三 21:56:57.27
--------------------------------------------- 
开机时间:2017/11/22 周三 21:58:50.61
关机时间:2017/11/23 周四 12:12:46.35
--------------------------------------------- 
开机时间:2017/11/23 周四 12:14:30.31
关机时间:2017/11/23 周四 13:59:53.69
--------------------------------------------- 
开机时间:2017/11/23 周四 14:01:46.72
关机时间:2017/11/23 周四 14:36:04.97
--------------------------------------------- 
开机时间:2017/11/23 周四 14:38:05.93
关机时间:2017/11/24 周五  9:50:26.25
--------------------------------------------- 
开机时间:2017/11/24 周五  9:52:04.22
关机时间:2017/11/25 周六 18:33:42.42
--------------------------------------------- 
开机时间:2017/11/25 周六 18:35:36.68
关机时间:2017/11/27 周一  9:39:09.75
--------------------------------------------- 
开机时间:2017/11/27 周一  9:41:08.18
关机时间:2017/11/28 周二 13:57:26.43
--------------------------------------------- 
开机时间:2017/11/28 周二 14:53:59.41
关机时间:2017/11/29 周三 21:03:28.85
--------------------------------------------- 
开机时间:2017/11/30 周四  9:55:20.06
关机时间:2017/11/30 周四 21:04:32.48
--------------------------------------------- 
开机时间:2017/12/01 周五  9:57:52.28
关机时间:2017/12/01 周五 20:15:12.12
--------------------------------------------- 
开机时间:2017/12/04 周一  9:27:40.06
关机时间:2017/12/04 周一 21:21:11.16
--------------------------------------------- 
开机时间:2017/12/05 周二  9:44:23.09
关机时间:2017/12/05 周二 21:04:53.55
--------------------------------------------- 
开机时间:2017/12/06 周三  9:39:30.15
关机时间:2017/12/06 周三 21:04:19.42
--------------------------------------------- 
开机时间:2017/12/07 周四  9:51:20.23
--------------------------------------------- 
开机时间:2017/12/07 周四 20:42:51.25
关机时间:2017/12/07 周四 21:02:47.07
--------------------------------------------- 
开机时间:2017/12/08 周五  9:43:10.03
关机时间:2017/12/08 周五 21:02:38.13
--------------------------------------------- 
开机时间:2017/12/09 周六 10:36:45.54
关机时间:2017/12/09 周六 17:59:31.00
--------------------------------------------- 
开机时间:2017/12/11 周一  9:24:42.49
关机时间:2017/12/11 周一 21:02:45.54
--------------------------------------------- 
开机时间:2017/12/12 周二  9:51:12.60
关机时间:2017/12/12 周二 21:05:02.63
--------------------------------------------- 
开机时间:2017/12/13 周三  9:48:11.31
--------------------------------------------- 
开机时间:2017/12/13 周三 13:32:24.01
--------------------------------------------- 
开机时间:2017/12/13 周三 13:51:48.29
--------------------------------------------- 
开机时间:2017/12/14 周四 10:53:01.92
关机时间:2017/12/14 周四 21:05:08.24
--------------------------------------------- 
开机时间:2017/12/15 周五  9:47:24.54
关机时间:2017/12/15 周五 18:43:53.29
--------------------------------------------- 
开机时间:2017/12/16 周六 10:36:19.73
关机时间:2017/12/16 周六 18:24:32.06
--------------------------------------------- 
开机时间:2017/12/18 周一  9:31:43.73
关机时间:2017/12/18 周一 21:05:13.09
--------------------------------------------- 
开机时间:2017/12/19 周二  9:56:59.64
--------------------------------------------- 
开机时间:2017/12/19 周二 13:49:46.82
关机时间:2017/12/19 周二 21:03:48.19
--------------------------------------------- 
开机时间:2017/12/20 周三  9:48:52.47
关机时间:2017/12/20 周三 21:06:06.48
--------------------------------------------- 
开机时间:2017/12/21 周四  9:57:07.44
关机时间:2017/12/21 周四 21:17:16.94
--------------------------------------------- 
开机时间:2017/12/22 周五  9:39:32.48
关机时间:2017/12/22 周五 18:42:37.65
--------------------------------------------- 
开机时间:2017/12/23 周六 10:59:57.33
关机时间:2017/12/23 周六 19:14:49.43
--------------------------------------------- 
开机时间:2017/12/25 周一  9:35:52.71
关机时间:2017/12/25 周一 21:02:31.53
--------------------------------------------- 
开机时间:2017/12/26 周二  9:44:57.14
关机时间:2017/12/26 周二 21:02:14.98
--------------------------------------------- 
开机时间:2017/12/27 周三  9:51:54.33
关机时间:2017/12/27 周三 21:46:00.37
--------------------------------------------- 
开机时间:2017/12/28 周四  9:50:42.14
关机时间:2017/12/28 周四 21:02:30.94
--------------------------------------------- 
开机时间:2017/12/29 周五  9:42:36.36
关机时间:2017/12/29 周五 18:42:02.98
--------------------------------------------- 
开机时间:2018/01/02 周二  9:32:00.73
--------------------------------------------- 
开机时间:2018/01/02 周二 16:13:23.22
关机时间:2018/01/02 周二 21:03:29.12
--------------------------------------------- 
开机时间:2018/01/03 周三  9:47:36.87
关机时间:2018/01/03 周三 21:02:45.96
--------------------------------------------- 
开机时间:2018/01/04 周四  9:49:31.09
关机时间:2018/01/04 周四 21:03:22.80
--------------------------------------------- 
开机时间:2018/01/05 周五  9:52:46.91
关机时间:2018/01/05 周五 18:50:23.06
--------------------------------------------- 
开机时间:2018/01/06 周六 10:29:48.34
关机时间:2018/01/06 周六 18:30:55.68
--------------------------------------------- 
开机时间:2018/01/08 周一  9:32:57.14
关机时间:2018/01/08 周一 21:02:21.27
--------------------------------------------- 
开机时间:2018/01/09 周二  9:49:32.55
关机时间:2018/01/09 周二 21:03:15.85
--------------------------------------------- 
开机时间:2018/01/10 周三  9:52:40.12
关机时间:2018/01/10 周三 21:01:28.21
--------------------------------------------- 
开机时间:2018/01/11 周四  9:51:19.28
关机时间:2018/01/11 周四 21:02:53.25
--------------------------------------------- 
开机时间:2018/01/12 周五  9:39:03.58
关机时间:2018/01/12 周五 18:38:27.72
--------------------------------------------- 
开机时间:2018/01/15 周一  9:34:42.31
关机时间:2018/01/15 周一 21:05:20.30
--------------------------------------------- 
开机时间:2018/01/16 周二  9:47:35.85
关机时间:2018/01/16 周二 21:02:05.24
--------------------------------------------- 
开机时间:2018/01/17 周三  9:48:25.97
关机时间:2018/01/17 周三 21:02:22.50
--------------------------------------------- 
开机时间:2018/01/18 周四  9:54:48.93
关机时间:2018/01/18 周四 21:06:43.28
--------------------------------------------- 
开机时间:2018/01/19 周五  9:45:35.98
关机时间:2018/01/19 周五 18:34:20.84
--------------------------------------------- 
开机时间:2018/01/20 周六 11:28:43.32
关机时间:2018/01/20 周六 18:04:06.50
--------------------------------------------- 
开机时间:2018/01/22 周一  9:36:46.65
关机时间:2018/01/22 周一 21:02:31.81
--------------------------------------------- 
开机时间:2018/01/23 周二  9:58:34.95
关机时间:2018/01/23 周二 21:03:08.80
--------------------------------------------- 
开机时间:2018/01/24 周三  9:47:36.99
--------------------------------------------- 
开机时间:2018/01/24 周三 11:26:40.56
关机时间:2018/01/24 周三 21:05:27.57
--------------------------------------------- 
开机时间:2018/01/25 周四  9:51:12.33
关机时间:2018/01/25 周四 17:34:39.02
--------------------------------------------- 
开机时间:2018/01/29 周一  9:32:41.90
关机时间:2018/01/29 周一 21:03:38.60
--------------------------------------------- 
开机时间:2018/01/30 周二  9:53:10.14
关机时间:2018/01/30 周二 21:03:15.43
--------------------------------------------- 
开机时间:2018/01/31 周三  9:52:03.25
关机时间:2018/01/31 周三 21:03:09.84
--------------------------------------------- 
开机时间:2018/02/01 周四  9:57:23.95
关机时间:2018/02/01 周四 21:03:52.95
--------------------------------------------- 
开机时间:2018/02/02 周五  9:55:11.13
关机时间:2018/02/02 周五 18:41:11.32
--------------------------------------------- 
开机时间:2018/02/03 周六 11:02:54.96
关机时间:2018/02/03 周六 18:00:18.09
--------------------------------------------- 
开机时间:2018/02/05 周一  9:36:51.44
关机时间:2018/02/05 周一 21:04:17.48
--------------------------------------------- 
开机时间:2018/02/06 周二  9:52:38.16
关机时间:2018/02/06 周二 21:05:58.57
--------------------------------------------- 
开机时间:2018/02/07 周三  9:48:36.15
关机时间:2018/02/07 周三 17:13:05.94
--------------------------------------------- 
开机时间:2018/02/07 周三 17:46:35.90
关机时间:2018/02/07 周三 21:05:33.55
--------------------------------------------- 
开机时间:2018/02/08 周四  9:51:48.33
关机时间:2018/02/08 周四 21:03:03.72
--------------------------------------------- 
开机时间:2018/02/09 周五  9:50:51.45
关机时间:2018/02/09 周五 18:58:32.92
--------------------------------------------- 
开机时间:2018/02/10 周六  9:27:01.91
关机时间:2018/02/10 周六 16:35:59.07
--------------------------------------------- 
开机时间:2018/02/10 周六 16:38:09.70
关机时间:2018/02/25 周日  9:30:59.73
--------------------------------------------- 
开机时间:2018/02/25 周日  9:32:02.99
关机时间:2018/02/25 周日 18:53:40.00
--------------------------------------------- 
开机时间:2018/02/26 周一  9:28:55.29
关机时间:2018/02/26 周一 18:43:58.32
--------------------------------------------- 
开机时间:2018/02/27 周二  9:37:03.62
关机时间:2018/02/27 周二 18:51:59.30
--------------------------------------------- 
开机时间:2018/02/28 周三  9:32:13.09
关机时间:2018/02/28 周三 18:50:19.04
--------------------------------------------- 
开机时间:2018/03/01 周四  9:31:50.49
--------------------------------------------- 
开机时间:2018/03/01 周四 10:16:16.79
关机时间:2018/03/01 周四 18:42:33.07
--------------------------------------------- 
开机时间:2018/03/02 周五  9:30:41.33
关机时间:2018/03/02 周五 18:37:08.44
--------------------------------------------- 
开机时间:2018/03/05 周一  9:32:03.34
关机时间:2018/03/05 周一  9:34:46.36
--------------------------------------------- 
开机时间:2018/03/05 周一  9:54:46.50
关机时间:2018/03/05 周一 18:54:15.56
--------------------------------------------- 
开机时间:2018/03/06 周二  9:32:27.84
关机时间:2018/03/06 周二 21:02:55.42
--------------------------------------------- 
开机时间:2018/03/07 周三  9:43:48.10
关机时间:2018/03/07 周三 18:37:08.41
--------------------------------------------- 
开机时间:2018/03/08 周四  9:32:47.21
关机时间:2018/03/08 周四 21:03:57.49
--------------------------------------------- 
开机时间:2018/03/09 周五  9:46:57.15
关机时间:2018/03/09 周五 18:34:38.18
--------------------------------------------- 
开机时间:2018/03/12 周一  9:29:18.69
关机时间:2018/03/12 周一 21:01:56.78
--------------------------------------------- 
开机时间:2018/03/13 周二  9:48:05.13
关机时间:2018/03/13 周二 18:38:07.23
--------------------------------------------- 
开机时间:2018/03/14 周三  9:29:41.69
关机时间:2018/03/14 周三 21:02:20.52
--------------------------------------------- 
开机时间:2018/03/15 周四  9:44:46.89
关机时间:2018/03/15 周四 18:37:52.93
--------------------------------------------- 
开机时间:2018/03/16 周五  9:28:42.25
关机时间:2018/03/16 周五 18:54:25.08
--------------------------------------------- 
开机时间:2018/03/17 周六 10:08:03.46
关机时间:2018/03/17 周六 18:13:57.55
--------------------------------------------- 
开机时间:2018/03/19 周一  9:31:28.89
关机时间:2018/03/19 周一 18:34:02.15
--------------------------------------------- 
开机时间:2018/03/20 周二  9:34:34.89
关机时间:2018/03/20 周二 21:04:57.08
--------------------------------------------- 
开机时间:2018/03/21 周三  9:46:57.96
关机时间:2018/03/21 周三 18:42:49.11
--------------------------------------------- 
开机时间:2018/03/22 周四  9:34:47.91
关机时间:2018/03/22 周四 21:01:20.45
--------------------------------------------- 
开机时间:2018/03/23 周五  9:54:38.96
关机时间:2018/03/23 周五 18:33:38.91
--------------------------------------------- 
开机时间:2018/03/26 周一  9:31:09.49
关机时间:2018/03/26 周一 21:02:22.25
--------------------------------------------- 
开机时间:2018/03/27 周二  9:49:16.94
关机时间:2018/03/27 周二 18:42:41.67
--------------------------------------------- 
开机时间:2018/03/28 周三  9:30:01.31
关机时间:2018/03/28 周三 21:02:47.39
--------------------------------------------- 
开机时间:2018/03/29 周四  9:43:55.83
关机时间:2018/03/29 周四 21:02:49.09
--------------------------------------------- 
开机时间:2018/03/30 周五  9:56:50.68
关机时间:2018/03/30 周五 18:36:54.89
--------------------------------------------- 
开机时间:2018/03/31 周六 10:30:39.91
关机时间:2018/03/31 周六 18:08:36.56
--------------------------------------------- 
开机时间:2018/04/02 周一  9:38:30.40
关机时间:2018/04/02 周一 21:02:04.80
--------------------------------------------- 
开机时间:2018/04/03 周二  9:45:35.24
关机时间:2018/04/03 周二 21:02:42.70
--------------------------------------------- 
开机时间:2018/04/04 周三  9:50:43.92
关机时间:2018/04/04 周三 18:34:35.53
--------------------------------------------- 
开机时间:2018/04/08 周日  9:33:56.38
关机时间:2018/04/08 周日 21:04:19.09
--------------------------------------------- 
开机时间:2018/04/09 周一  9:53:40.97
关机时间:2018/04/09 周一 21:02:34.08
--------------------------------------------- 
开机时间:2018/04/10 周二  9:48:21.45
关机时间:2018/04/10 周二 21:02:37.13
--------------------------------------------- 
开机时间:2018/04/11 周三  9:45:36.24
关机时间:2018/04/11 周三 21:02:05.67
--------------------------------------------- 
开机时间:2018/04/12 周四  9:54:22.64
关机时间:2018/04/12 周四 21:02:26.10
--------------------------------------------- 
开机时间:2018/04/13 周五  9:53:47.77
关机时间:2018/04/13 周五 18:33:40.17
--------------------------------------------- 
开机时间:2018/04/14 周六 11:02:12.47
关机时间:2018/04/14 周六 18:10:16.77
--------------------------------------------- 
开机时间:2018/04/16 周一  9:43:36.53
关机时间:2018/04/16 周一 21:02:08.84
--------------------------------------------- 
开机时间:2018/04/17 周二  9:55:27.12
关机时间:2018/04/17 周二 21:01:37.14
--------------------------------------------- 
开机时间:2018/04/18 周三  9:49:26.00
关机时间:2018/04/18 周三 21:01:36.16
--------------------------------------------- 
开机时间:2018/04/19 周四  9:53:27.52
关机时间:2018/04/19 周四 21:29:46.15
--------------------------------------------- 
开机时间:2018/04/20 周五  8:39:23.18
关机时间:2018/04/20 周五 18:32:24.35
--------------------------------------------- 
开机时间:2018/04/21 周六 10:57:03.03
关机时间:2018/04/21 周六 18:05:17.86
--------------------------------------------- 
开机时间:2018/04/23 周一  9:38:00.91
关机时间:2018/04/23 周一 23:21:46.06
--------------------------------------------- 
开机时间:2018/04/24 周二 10:15:30.83
关机时间:2018/04/24 周二 21:31:22.98
--------------------------------------------- 
开机时间:2018/04/25 周三  9:53:30.45
关机时间:2018/04/25 周三 21:00:50.41
--------------------------------------------- 
开机时间:2018/04/26 周四  9:55:05.87
关机时间:2018/04/26 周四 21:02:08.78
--------------------------------------------- 
开机时间:2018/04/27 周五  9:51:01.45
关机时间:2018/04/27 周五 18:40:37.65
--------------------------------------------- 
开机时间:2018/04/28 周六  9:31:09.39
关机时间:2018/04/28 周六 18:36:37.00
--------------------------------------------- 
开机时间:2018/05/02 周三  9:38:50.34
关机时间:2018/05/02 周三 21:01:18.40
--------------------------------------------- 
开机时间:2018/05/03 周四  9:41:16.83
关机时间:2018/05/03 周四 21:01:39.90
--------------------------------------------- 
开机时间:2018/05/04 周五  9:54:30.13
关机时间:2018/05/04 周五 18:33:14.96
--------------------------------------------- 
开机时间:2018/05/05 周六 10:47:55.13
关机时间:2018/05/05 周六 18:07:36.44
--------------------------------------------- 
开机时间:2018/05/07 周一  9:36:14.38
关机时间:2018/05/07 周一 21:02:21.61
--------------------------------------------- 
开机时间:2018/05/08 周二  9:54:35.01
关机时间:2018/05/08 周二 21:02:01.84
--------------------------------------------- 
开机时间:2018/05/09 周三  9:54:40.10
关机时间:2018/05/09 周三 21:01:46.95
--------------------------------------------- 
开机时间:2018/05/10 周四  9:53:19.70
关机时间:2018/05/10 周四 21:02:42.23
--------------------------------------------- 
开机时间:2018/05/11 周五  9:53:25.26
关机时间:2018/05/11 周五 18:33:13.36
--------------------------------------------- 
开机时间:2018/05/12 周六 11:16:54.61
关机时间:2018/05/12 周六 16:19:44.06
--------------------------------------------- 
开机时间:2018/05/14 周一  9:34:36.79
关机时间:2018/05/14 周一 21:01:59.40
--------------------------------------------- 
开机时间:2018/05/15 周二  9:54:13.05
关机时间:2018/05/15 周二  9:55:47.71
--------------------------------------------- 
开机时间:2018/05/15 周二  9:58:50.87
关机时间:2018/05/15 周二 21:02:17.42
--------------------------------------------- 
开机时间:2018/05/16 周三  9:51:38.03
关机时间:2018/05/16 周三 21:01:48.19
--------------------------------------------- 
开机时间:2018/05/17 周四  9:44:19.33
关机时间:2018/05/17 周四 21:01:01.08
--------------------------------------------- 
开机时间:2018/05/18 周五  9:51:52.65
关机时间:2018/05/18 周五 18:33:30.07
--------------------------------------------- 
开机时间:2018/05/19 周六 11:00:24.00
关机时间:2018/05/19 周六 18:01:03.26
--------------------------------------------- 
开机时间:2018/05/21 周一  9:34:45.50
关机时间:2018/05/21 周一 21:01:26.10
--------------------------------------------- 
开机时间:2018/05/22 周二  9:49:49.77
关机时间:2018/05/22 周二 21:01:41.59
--------------------------------------------- 
开机时间:2018/05/23 周三  9:51:32.35
关机时间:2018/05/23 周三 21:04:14.97
--------------------------------------------- 
开机时间:2018/05/24 周四  9:52:43.60
关机时间:2018/05/24 周四 21:03:13.20
--------------------------------------------- 
开机时间:2018/05/25 周五  9:54:09.18
关机时间:2018/05/25 周五 18:34:28.26
--------------------------------------------- 
开机时间:2018/05/26 周六 11:14:05.24
关机时间:2018/05/26 周六 18:07:34.82
--------------------------------------------- 
开机时间:2018/05/28 周一  9:35:14.40
关机时间:2018/05/28 周一 21:01:44.87
--------------------------------------------- 
开机时间:2018/05/29 周二  9:55:41.24
关机时间:2018/05/29 周二 21:02:05.98
--------------------------------------------- 
开机时间:2018/05/30 周三  9:54:23.85
关机时间:2018/05/30 周三 21:01:47.66
--------------------------------------------- 
开机时间:2018/05/31 周四  9:55:56.07
关机时间:2018/05/31 周四 21:02:19.99
--------------------------------------------- 
开机时间:2018/06/04 周一  9:34:39.40
关机时间:2018/06/04 周一 21:02:13.60
--------------------------------------------- 
开机时间:2018/06/05 周二  9:51:14.76
关机时间:2018/06/05 周二 21:02:26.19
--------------------------------------------- 
开机时间:2018/06/06 周三  9:59:02.83
关机时间:2018/06/06 周三 21:03:03.72
--------------------------------------------- 
开机时间:2018/06/07 周四  9:59:15.61
关机时间:2018/06/07 周四 10:03:45.27
--------------------------------------------- 
开机时间:2018/06/07 周四 10:06:19.29
关机时间:2018/06/07 周四 21:06:05.61
--------------------------------------------- 
开机时间:2018/06/08 周五  9:55:57.60
关机时间:2018/06/08 周五 18:34:56.05
--------------------------------------------- 
开机时间:2018/06/09 周六 10:38:09.31
关机时间:2018/06/09 周六 18:43:53.67
--------------------------------------------- 
开机时间:2018/06/11 周一  9:33:28.55
关机时间:2018/06/11 周一 21:02:24.42
--------------------------------------------- 
开机时间:2018/06/12 周二  9:51:47.78
关机时间:2018/06/12 周二 21:02:13.15
--------------------------------------------- 
开机时间:2018/06/13 周三  9:52:50.29
关机时间:2018/06/13 周三 21:01:29.55
--------------------------------------------- 
开机时间:2018/06/14 周四  9:53:44.75
关机时间:2018/06/14 周四 21:03:44.99
--------------------------------------------- 
开机时间:2018/06/15 周五  9:55:18.86
关机时间:2018/06/15 周五 18:34:18.12
--------------------------------------------- 
开机时间:2018/06/19 周二  9:37:15.55
关机时间:2018/06/19 周二 21:03:55.08
--------------------------------------------- 
开机时间:2018/06/20 周三  9:57:39.07
关机时间:2018/06/20 周三 21:03:08.33
--------------------------------------------- 
开机时间:2018/06/21 周四  9:55:51.03
关机时间:2018/06/21 周四 21:03:02.52
--------------------------------------------- 
开机时间:2018/06/22 周五  9:57:01.56
关机时间:2018/06/22 周五 17:07:14.20
--------------------------------------------- 
开机时间:2018/06/22 周五 17:09:09.06
关机时间:2018/06/22 周五 18:36:56.01
--------------------------------------------- 
开机时间:2018/06/23 周六 10:32:29.31
关机时间:2018/06/23 周六 18:32:45.32
--------------------------------------------- 
开机时间:2018/06/25 周一  9:42:27.17
关机时间:2018/06/25 周一 21:03:26.54
--------------------------------------------- 
开机时间:2018/06/26 周二  9:52:38.96
关机时间:2018/06/26 周二 21:02:16.34
--------------------------------------------- 
开机时间:2018/06/27 周三  9:41:23.60
关机时间:2018/06/27 周三 21:32:11.45
--------------------------------------------- 
开机时间:2018/06/28 周四  9:49:40.78
关机时间:2018/06/28 周四 21:01:49.38
--------------------------------------------- 
开机时间:2018/06/29 周五  9:57:52.83
关机时间:2018/06/29 周五 18:35:13.37
--------------------------------------------- 
开机时间:2018/07/02 周一  9:33:11.71
关机时间:2018/07/02 周一 21:03:01.06
--------------------------------------------- 
开机时间:2018/07/03 周二  9:59:27.19
关机时间:2018/07/03 周二 21:02:55.53
--------------------------------------------- 
开机时间:2018/07/04 周三  9:51:29.50
关机时间:2018/07/04 周三 21:06:23.32
--------------------------------------------- 
开机时间:2018/07/05 周四  9:54:08.61
关机时间:2018/07/05 周四 21:05:37.13
--------------------------------------------- 
开机时间:2018/07/06 周五  9:51:41.85
关机时间:2018/07/06 周五 18:34:38.05
--------------------------------------------- 
开机时间:2018/07/07 周六 11:05:08.20
关机时间:2018/07/07 周六 18:01:39.29
--------------------------------------------- 
开机时间:2018/07/09 周一  9:35:12.94
关机时间:2018/07/10 周二 21:03:55.48
--------------------------------------------- 
开机时间:2018/07/11 周三  9:52:20.33
关机时间:2018/07/11 周三 11:22:49.42
--------------------------------------------- 
开机时间:2018/07/11 周三 11:24:46.40
关机时间:2018/07/11 周三 18:34:07.61
--------------------------------------------- 
开机时间:2018/07/12 周四  9:38:25.41
关机时间:2018/07/12 周四 21:02:09.96
--------------------------------------------- 
开机时间:2018/07/13 周五  9:54:20.50
关机时间:2018/07/13 周五 18:34:23.92
--------------------------------------------- 
开机时间:2018/07/14 周六 10:48:31.24
--------------------------------------------- 
开机时间:2018/07/14 周六 13:32:59.43
--------------------------------------------- 
开机时间:2018/07/14 周六 14:30:06.36
关机时间:2018/07/14 周六 17:45:55.18
--------------------------------------------- 
开机时间:2018/07/16 周一  9:38:20.01
关机时间:2018/07/16 周一 21:02:28.48
--------------------------------------------- 
开机时间:2018/07/17 周二  9:59:42.01
关机时间:2018/07/17 周二 21:04:50.63
--------------------------------------------- 
开机时间:2018/07/18 周三  9:52:53.54
--------------------------------------------- 
开机时间:2018/07/18 周三 10:44:16.86
关机时间:2018/07/18 周三 21:03:38.06
--------------------------------------------- 
开机时间:2018/07/20 周五  9:35:04.98
关机时间:2018/07/20 周五 18:51:19.33
--------------------------------------------- 
开机时间:2018/07/21 周六 11:23:41.59
关机时间:2018/07/21 周六 18:31:04.23
--------------------------------------------- 
开机时间:2018/07/23 周一  9:41:46.96
关机时间:2018/07/23 周一 21:03:22.01
--------------------------------------------- 
开机时间:2018/07/24 周二  9:55:37.34
关机时间:2018/07/24 周二 21:09:26.43
--------------------------------------------- 
开机时间:2018/07/25 周三  9:53:18.29
关机时间:2018/07/25 周三 21:04:48.84
--------------------------------------------- 
开机时间:2018/07/26 周四  9:53:02.91
--------------------------------------------- 
开机时间:2018/07/26 周四 11:31:36.88
关机时间:2018/07/26 周四 21:06:37.43
--------------------------------------------- 
开机时间:2018/07/27 周五  9:51:19.04
关机时间:2018/07/27 周五 18:35:01.54
--------------------------------------------- 
开机时间:2018/07/28 周六  8:39:58.98
关机时间:2018/07/28 周六 18:13:29.98
--------------------------------------------- 
开机时间:2018/07/30 周一  9:33:37.99
关机时间:2018/07/30 周一 21:02:49.22
--------------------------------------------- 
开机时间:2018/07/31 周二  9:53:04.99
关机时间:2018/07/31 周二 21:04:13.39
--------------------------------------------- 
开机时间:2018/08/01 周三 10:01:16.42
关机时间:2018/08/01 周三 21:07:03.48
--------------------------------------------- 
开机时间:2018/08/02 周四  9:55:02.78
关机时间:2018/08/02 周四 21:02:26.50
--------------------------------------------- 
开机时间:2018/08/03 周五  9:54:51.37
关机时间:2018/08/03 周五 18:57:21.10
--------------------------------------------- 
开机时间:2018/08/04 周六 11:57:24.95
关机时间:2018/08/04 周六 17:33:25.62
--------------------------------------------- 
开机时间:2018/08/06 周一  9:43:48.57
关机时间:2018/08/06 周一 21:02:51.23
--------------------------------------------- 
开机时间:2018/08/07 周二  9:53:32.13
关机时间:2018/08/07 周二 21:04:09.75
--------------------------------------------- 
开机时间:2018/08/08 周三  9:57:21.81
--------------------------------------------- 
开机时间:2018/08/08 周三 10:04:59.56
关机时间:2018/08/08 周三 21:03:37.41
--------------------------------------------- 
开机时间:2018/08/09 周四  9:58:11.15
关机时间:2018/08/09 周四 21:03:12.80
--------------------------------------------- 
开机时间:2018/08/10 周五  9:59:54.32
关机时间:2018/08/10 周五 18:34:16.79
--------------------------------------------- 
开机时间:2018/08/13 周一  9:32:55.50
--------------------------------------------- 
开机时间:2018/08/13 周一 10:15:00.62
关机时间:2018/08/13 周一 21:03:59.06
--------------------------------------------- 
开机时间:2018/08/14 周二  9:47:36.08
关机时间:2018/08/14 周二 21:02:19.45
--------------------------------------------- 
开机时间:2018/08/15 周三  9:54:08.00
关机时间:2018/08/15 周三 21:02:17.13
--------------------------------------------- 
开机时间:2018/08/16 周四  9:25:06.22
关机时间:2018/08/16 周四 10:57:50.26
--------------------------------------------- 
开机时间:2018/08/16 周四 10:59:51.71
关机时间:2018/08/16 周四 21:03:24.97
--------------------------------------------- 
开机时间:2018/08/17 周五  9:55:09.72
关机时间:2018/08/17 周五 18:34:32.55
--------------------------------------------- 
开机时间:2018/08/18 周六 12:05:22.75
关机时间:2018/08/18 周六 19:02:01.85
--------------------------------------------- 
开机时间:2018/08/20 周一  9:32:35.78
--------------------------------------------- 
开机时间:2018/08/20 周一 15:45:57.32
关机时间:2018/08/20 周一 21:06:32.79
--------------------------------------------- 
开机时间:2018/08/21 周二  9:52:52.23
关机时间:2018/08/21 周二 21:06:36.73
--------------------------------------------- 
开机时间:2018/08/22 周三  9:53:29.98
关机时间:2018/08/22 周三 21:02:26.61
--------------------------------------------- 
开机时间:2018/08/23 周四  9:51:48.82
--------------------------------------------- 
开机时间:2018/08/23 周四 15:50:42.08
关机时间:2018/08/23 周四 21:07:13.86
--------------------------------------------- 
开机时间:2018/08/24 周五  9:59:12.99
关机时间:2018/08/24 周五 18:37:33.05
--------------------------------------------- 
开机时间:2018/08/25 周六 11:57:54.77
关机时间:2018/08/25 周六 18:18:27.06
--------------------------------------------- 
开机时间:2018/08/27 周一  9:33:13.86
关机时间:2018/08/27 周一 21:01:57.14
--------------------------------------------- 
开机时间:2018/08/28 周二  9:59:08.03
关机时间:2018/08/28 周二 21:01:27.05
--------------------------------------------- 
开机时间:2018/08/29 周三  9:57:48.09
关机时间:2018/08/29 周三 21:02:38.49
--------------------------------------------- 
开机时间:2018/08/30 周四 10:00:05.84
关机时间:2018/08/30 周四 21:02:49.21
--------------------------------------------- 
开机时间:2018/08/31 周五  9:57:28.99
关机时间:2018/08/31 周五 18:33:08.83
--------------------------------------------- 
开机时间:2018/09/01 周六 11:03:52.71
关机时间:2018/09/01 周六 17:51:57.26
--------------------------------------------- 
开机时间:2018/09/03 周一  9:35:32.37
关机时间:2018/09/03 周一 21:01:58.95
--------------------------------------------- 
开机时间:2018/09/04 周二  9:54:01.84
关机时间:2018/09/04 周二 21:07:13.82
--------------------------------------------- 
开机时间:2018/09/05 周三  9:55:39.67
关机时间:2018/09/05 周三 21:03:12.10
--------------------------------------------- 
开机时间:2018/09/06 周四  9:47:29.74
关机时间:2018/09/06 周四 21:06:44.00
--------------------------------------------- 
开机时间:2018/09/07 周五  9:53:23.11
关机时间:2018/09/07 周五 19:40:07.17
--------------------------------------------- 
开机时间:2018/09/10 周一  9:37:21.42
关机时间:2018/09/10 周一 21:03:30.45
--------------------------------------------- 
开机时间:2018/09/11 周二  9:53:35.50
关机时间:2018/09/11 周二 21:01:15.78
--------------------------------------------- 
开机时间:2018/09/12 周三  9:52:43.29
关机时间:2018/09/12 周三 21:01:43.66
--------------------------------------------- 
开机时间:2018/09/13 周四  9:51:28.64
关机时间:2018/09/13 周四 21:02:06.94
--------------------------------------------- 
开机时间:2018/09/14 周五  9:57:02.36
关机时间:2018/09/14 周五 18:38:45.16
--------------------------------------------- 
开机时间:2018/09/15 周六 11:24:10.67
关机时间:2018/09/15 周六 17:56:41.47
--------------------------------------------- 
开机时间:2018/09/17 周一  9:38:36.97
关机时间:2018/09/17 周一 21:04:02.30
--------------------------------------------- 
开机时间:2018/09/18 周二  9:56:19.15
关机时间:2018/09/18 周二 21:04:33.71
--------------------------------------------- 
开机时间:2018/09/19 周三  9:55:00.24
关机时间:2018/09/19 周三 21:03:07.10
--------------------------------------------- 
开机时间:2018/09/20 周四  9:58:35.92
关机时间:2018/09/20 周四 18:37:43.35
--------------------------------------------- 
开机时间:2018/09/21 周五  9:38:13.18
关机时间:2018/09/21 周五 18:43:11.64
--------------------------------------------- 
开机时间:2018/09/25 周二  9:35:59.05
关机时间:2018/09/25 周二 21:02:04.94
--------------------------------------------- 
开机时间:2018/09/26 周三  9:54:56.57
关机时间:2018/09/26 周三 21:05:36.25
--------------------------------------------- 
开机时间:2018/09/27 周四  9:52:52.53
关机时间:2018/09/27 周四 21:03:19.48
--------------------------------------------- 
开机时间:2018/09/28 周五  9:52:39.95
关机时间:2018/09/28 周五 18:38:20.65
--------------------------------------------- 
开机时间:2018/09/29 周六  9:40:04.20
关机时间:2018/09/29 周六 21:03:59.56
--------------------------------------------- 
开机时间:2018/09/30 周日  9:52:19.25
关机时间:2018/09/30 周日 18:33:38.83
--------------------------------------------- 
开机时间:2018/10/08 周一 13:07:47.51
关机时间:2018/10/08 周一 21:02:09.56
--------------------------------------------- 
开机时间:2018/10/09 周二  9:55:11.77
关机时间:2018/10/09 周二 21:02:21.44
--------------------------------------------- 
开机时间:2018/10/10 周三  9:52:52.72
关机时间:2018/10/10 周三 21:02:29.86
--------------------------------------------- 
开机时间:2018/10/11 周四 10:02:50.01
关机时间:2018/10/11 周四 21:02:54.44
--------------------------------------------- 
开机时间:2018/10/12 周五  9:51:46.13
关机时间:2018/10/12 周五 18:36:19.24
--------------------------------------------- 
开机时间:2018/10/13 周六 11:32:25.20
关机时间:2018/10/13 周六 18:07:46.80
--------------------------------------------- 
开机时间:2018/10/15 周一  9:28:50.53
关机时间:2018/10/15 周一 21:02:12.95
--------------------------------------------- 
开机时间:2018/10/16 周二  9:59:20.01
关机时间:2018/10/16 周二 21:01:53.16
--------------------------------------------- 
开机时间:2018/10/17 周三  9:56:10.27
关机时间:2018/10/17 周三 21:03:03.81
--------------------------------------------- 
开机时间:2018/10/18 周四  9:54:43.98
关机时间:2018/10/18 周四 18:35:36.79
--------------------------------------------- 
开机时间:2018/10/19 周五  9:35:48.05
关机时间:2018/10/19 周五 16:24:53.66
关机时间:2018/10/26 周五 18:56:03.61
--------------------------------------------- 
开机时间:2018/10/27 周六 15:34:58.15
关机时间:2018/10/27 周六 20:41:40.04
--------------------------------------------- 
开机时间:2018/10/29 周一  9:12:53.32
关机时间:2018/11/12 周一 17:27:22.06
--------------------------------------------- 
开机时间:2018/11/12 周一 17:27:35.40
关机时间:2018/11/14 周三 18:33:24.83
--------------------------------------------- 
开机时间:2018/11/15 周四  9:18:45.45
关机时间:2018/11/28 周三 13:22:04.62
--------------------------------------------- 
开机时间:2018/11/28 周三 13:29:17.21
关机时间:2018/12/04 周二 14:23:27.65
